# JRE version: OpenJDK Runtime Environment Temurin-21.0.11+10 (21.0.11+10) (build 21.0.11+10-LTS)
# Java VM: OpenJDK 64-Bit Server VM Temurin-21.0.11+10 (21.0.11+10-LTS, mixed mode, sharing, tiered, compressed oops, compressed class ptrs, parallel gc, windows-amd64)
GC Precious Log:
 CardTable entry size: 512
 CPUs: 12 total, 12 available
 Memory: 7916M
 Large Page Support: Disabled
 NUMA Support: Disabled
 Compressed Oops: Enabled (32-bit)
 Alignments: Space 512K, Generation 512K, Heap 2M
 Heap Min Capacity: 100M
 Heap Initial Capacity: 100M
 Heap Max Capacity: 2G
 Pre-touch: Disabled
 Parallel Workers: 10
Heap:
 PSYoungGen      total 3584K, used 604K [0x00000000d5580000, 0x00000000d5a00000, 0x0000000100000000)
  eden space 2560K, 6% used [0x00000000d5580000,0x00000000d55a71f8,0x00000000d5800000)
  from space 1024K, 43% used [0x00000000d5880000,0x00000000d58f0000,0x00000000d5980000)
  to   space 512K, 0% used [0x00000000d5980000,0x00000000d5980000,0x00000000d5a00000)
 ParOldGen       total 948736K, used 948297K [0x0000000080000000, 0x00000000b9e80000, 0x00000000d5580000)
  object space 948736K, 99% used [0x0000000080000000,0x00000000b9e124d0,0x00000000b9e80000)
 Metaspace       used 84291K, committed 86144K, reserved 1179648K
  class space    used 9126K, committed 9984K, reserved 1048576K
GC Heap History (20 events):
Event: 1752.310 GC heap before
{Heap before GC invocations=1920 (full 3):
 PSYoungGen      total 2048K, used 1728K [0x00000000d5580000, 0x00000000d5900000, 0x0000000100000000)
  eden space 1024K, 100% used [0x00000000d5580000,0x00000000d5680000,0x00000000d5680000)
  from space 1024K, 68% used [0x00000000d5780000,0x00000000d5830010,0x00000000d5880000)
  to   space 1024K, 0% used [0x00000000d5680000,0x00000000d5680000,0x00000000d5780000)
 ParOldGen       total 941568K, used 941411K [0x0000000080000000, 0x00000000b9780000, 0x00000000d5580000)
  object space 941568K, 99% used [0x0000000080000000,0x00000000b9758f70,0x00000000b9780000)
 Metaspace       used 84142K, committed 86016K, reserved 1179648K
  class space    used 9123K, committed 9984K, reserved 1048576K
}
Event: 1752.312 GC heap after
{Heap after GC invocations=1920 (full 3):
 PSYoungGen      total 2048K, used 512K [0x00000000d5580000, 0x00000000d5900000, 0x0000000100000000)
  eden space 1024K, 0% used [0x00000000d5580000,0x00000000d5580000,0x00000000d5680000)
  from space 1024K, 50% used [0x00000000d5680000,0x00000000d5700000,0x00000000d5780000)
  to   space 1024K, 0% used [0x00000000d5800000,0x00000000d5800000,0x00000000d5900000)
 ParOldGen       total 942080K, used 942051K [0x0000000080000000, 0x00000000b9800000, 0x00000000d5580000)
  object space 942080K, 99% used [0x0000000080000000,0x00000000b97f8f80,0x00000000b9800000)
 Metaspace       used 84142K, committed 86016K, reserved 1179648K
  class space    used 9123K, committed 9984K, reserved 1048576K
}
Event: 1752.314 GC heap before
{Heap before GC invocations=1921 (full 3):
 PSYoungGen      total 2048K, used 1536K [0x00000000d5580000, 0x00000000d5900000, 0x0000000100000000)
  eden space 1024K, 100% used [0x00000000d5580000,0x00000000d5680000,0x00000000d5680000)
  from space 1024K, 50% used [0x00000000d5680000,0x00000000d5700000,0x00000000d5780000)
  to   space 1024K, 0% used [0x00000000d5800000,0x00000000d5800000,0x00000000d5900000)
 ParOldGen       total 942080K, used 942051K [0x0000000080000000, 0x00000000b9800000, 0x00000000d5580000)
  object space 942080K, 99% used [0x0000000080000000,0x00000000b97f8f80,0x00000000b9800000)
 Metaspace       used 84142K, committed 86016K, reserved 1179648K
  class space    used 9123K, committed 9984K, reserved 1048576K
}
Event: 1752.316 GC heap after
{Heap after GC invocations=1921 (full 3):
 PSYoungGen      total 2560K, used 608K [0x00000000d5580000, 0x00000000d5900000, 0x0000000100000000)
  eden space 1536K, 0% used [0x00000000d5580000,0x00000000d5580000,0x00000000d5700000)
  from space 1024K, 59% used [0x00000000d5800000,0x00000000d5898000,0x00000000d5900000)
  to   space 1024K, 0% used [0x00000000d5700000,0x00000000d5700000,0x00000000d5800000)
 ParOldGen       total 942592K, used 942419K [0x0000000080000000, 0x00000000b9880000, 0x00000000d5580000)
  object space 942592K, 99% used [0x0000000080000000,0x00000000b9854f80,0x00000000b9880000)
 Metaspace       used 84142K, committed 86016K, reserved 1179648K
  class space    used 9123K, committed 9984K, reserved 1048576K
}
Event: 1752.318 GC heap before
{Heap before GC invocations=1922 (full 3):
 PSYoungGen      total 2560K, used 2144K [0x00000000d5580000, 0x00000000d5900000, 0x0000000100000000)
  eden space 1536K, 100% used [0x00000000d5580000,0x00000000d5700000,0x00000000d5700000)
  from space 1024K, 59% used [0x00000000d5800000,0x00000000d5898000,0x00000000d5900000)
  to   space 1024K, 0% used [0x00000000d5700000,0x00000000d5700000,0x00000000d5800000)
 ParOldGen       total 942592K, used 942419K [0x0000000080000000, 0x00000000b9880000, 0x00000000d5580000)
  object space 942592K, 99% used [0x0000000080000000,0x00000000b9854f80,0x00000000b9880000)
 Metaspace       used 84142K, committed 86016K, reserved 1179648K
  class space    used 9123K, committed 9984K, reserved 1048576K
}
Event: 1752.321 GC heap after
{Heap after GC invocations=1922 (full 3):
 PSYoungGen      total 2560K, used 352K [0x00000000d5580000, 0x00000000d5880000, 0x0000000100000000)
  eden space 1536K, 0% used [0x00000000d5580000,0x00000000d5580000,0x00000000d5700000)
  from space 1024K, 34% used [0x00000000d5700000,0x00000000d5758000,0x00000000d5800000)
  to   space 512K, 0% used [0x00000000d5800000,0x00000000d5800000,0x00000000d5880000)
 ParOldGen       total 943104K, used 942915K [0x0000000080000000, 0x00000000b9900000, 0x00000000d5580000)
  object space 943104K, 99% used [0x0000000080000000,0x00000000b98d0f80,0x00000000b9900000)
 Metaspace       used 84142K, committed 86016K, reserved 1179648K
  class space    used 9123K, committed 9984K, reserved 1048576K
}
Event: 1752.335 GC heap before
{Heap before GC invocations=1923 (full 3):
 PSYoungGen      total 2560K, used 1888K [0x00000000d5580000, 0x00000000d5880000, 0x0000000100000000)
  eden space 1536K, 100% used [0x00000000d5580000,0x00000000d5700000,0x00000000d5700000)
  from space 1024K, 34% used [0x00000000d5700000,0x00000000d5758000,0x00000000d5800000)
  to   space 512K, 0% used [0x00000000d5800000,0x00000000d5800000,0x00000000d5880000)
 ParOldGen       total 943104K, used 942915K [0x0000000080000000, 0x00000000b9900000, 0x00000000d5580000)
  object space 943104K, 99% used [0x0000000080000000,0x00000000b98d0f80,0x00000000b9900000)
 Metaspace       used 84144K, committed 86016K, reserved 1179648K
  class space    used 9123K, committed 9984K, reserved 1048576K
}
Event: 1752.338 GC heap after
{Heap after GC invocations=1923 (full 3):
 PSYoungGen      total 2560K, used 352K [0x00000000d5580000, 0x00000000d5880000, 0x0000000100000000)
  eden space 2048K, 0% used [0x00000000d5580000,0x00000000d5580000,0x00000000d5780000)
  from space 512K, 68% used [0x00000000d5800000,0x00000000d5858000,0x00000000d5880000)
  to   space 512K, 0% used [0x00000000d5780000,0x00000000d5780000,0x00000000d5800000)
 ParOldGen       total 943616K, used 943227K [0x0000000080000000, 0x00000000b9980000, 0x00000000d5580000)
  object space 943616K, 99% used [0x0000000080000000,0x00000000b991ef90,0x00000000b9980000)
 Metaspace       used 84144K, committed 86016K, reserved 1179648K
  class space    used 9123K, committed 9984K, reserved 1048576K
}
Event: 1752.356 GC heap before
{Heap before GC invocations=1924 (full 3):
 PSYoungGen      total 2560K, used 2400K [0x00000000d5580000, 0x00000000d5880000, 0x0000000100000000)
  eden space 2048K, 100% used [0x00000000d5580000,0x00000000d5780000,0x00000000d5780000)
  from space 512K, 68% used [0x00000000d5800000,0x00000000d5858000,0x00000000d5880000)
  to   space 512K, 0% used [0x00000000d5780000,0x00000000d5780000,0x00000000d5800000)
 ParOldGen       total 943616K, used 943227K [0x0000000080000000, 0x00000000b9980000, 0x00000000d5580000)
  object space 943616K, 99% used [0x0000000080000000,0x00000000b991ef90,0x00000000b9980000)
 Metaspace       used 84148K, committed 86016K, reserved 1179648K
  class space    used 9124K, committed 9984K, reserved 1048576K
}
Event: 1752.358 GC heap after
{Heap after GC invocations=1924 (full 3):
 PSYoungGen      total 2560K, used 505K [0x00000000d5580000, 0x00000000d5a00000, 0x0000000100000000)
  eden space 2048K, 0% used [0x00000000d5580000,0x00000000d5580000,0x00000000d5780000)
  from space 512K, 98% used [0x00000000d5780000,0x00000000d57fe418,0x00000000d5800000)
  to   space 1024K, 0% used [0x00000000d5900000,0x00000000d5900000,0x00000000d5a00000)
 ParOldGen       total 943616K, used 943571K [0x0000000080000000, 0x00000000b9980000, 0x00000000d5580000)
  object space 943616K, 99% used [0x0000000080000000,0x00000000b9974f90,0x00000000b9980000)
 Metaspace       used 84148K, committed 86016K, reserved 1179648K
  class space    used 9124K, committed 9984K, reserved 1048576K
}
Event: 1752.379 GC heap before
{Heap before GC invocations=1925 (full 3):
 PSYoungGen      total 2560K, used 2553K [0x00000000d5580000, 0x00000000d5a00000, 0x0000000100000000)
  eden space 2048K, 100% used [0x00000000d5580000,0x00000000d5780000,0x00000000d5780000)
  from space 512K, 98% used [0x00000000d5780000,0x00000000d57fe418,0x00000000d5800000)
  to   space 1024K, 0% used [0x00000000d5900000,0x00000000d5900000,0x00000000d5a00000)
 ParOldGen       total 943616K, used 943571K [0x0000000080000000, 0x00000000b9980000, 0x00000000d5580000)
  object space 943616K, 99% used [0x0000000080000000,0x00000000b9974f90,0x00000000b9980000)
 Metaspace       used 84152K, committed 86016K, reserved 1179648K
  class space    used 9124K, committed 9984K, reserved 1048576K
}
Event: 1752.382 GC heap after
{Heap after GC invocations=1925 (full 3):
 PSYoungGen      total 3584K, used 716K [0x00000000d5580000, 0x00000000d5a00000, 0x0000000100000000)
  eden space 2560K, 0% used [0x00000000d5580000,0x00000000d5580000,0x00000000d5800000)
  from space 1024K, 69% used [0x00000000d5900000,0x00000000d59b30b8,0x00000000d5a00000)
  to   space 1024K, 0% used [0x00000000d5800000,0x00000000d5800000,0x00000000d5900000)
 ParOldGen       total 944128K, used 944031K [0x0000000080000000, 0x00000000b9a00000, 0x00000000d5580000)
  object space 944128K, 99% used [0x0000000080000000,0x00000000b99e7ef0,0x00000000b9a00000)
 Metaspace       used 84152K, committed 86016K, reserved 1179648K
  class space    used 9124K, committed 9984K, reserved 1048576K
}
Event: 1752.432 GC heap before
{Heap before GC invocations=1926 (full 3):
 PSYoungGen      total 3584K, used 3276K [0x00000000d5580000, 0x00000000d5a00000, 0x0000000100000000)
  eden space 2560K, 99% used [0x00000000d5580000,0x00000000d57fffe8,0x00000000d5800000)
  from space 1024K, 69% used [0x00000000d5900000,0x00000000d59b30b8,0x00000000d5a00000)
  to   space 1024K, 0% used [0x00000000d5800000,0x00000000d5800000,0x00000000d5900000)
 ParOldGen       total 944128K, used 944031K [0x0000000080000000, 0x00000000b9a00000, 0x00000000d5580000)
  object space 944128K, 99% used [0x0000000080000000,0x00000000b99e7ef0,0x00000000b9a00000)
 Metaspace       used 84208K, committed 86080K, reserved 1179648K
  class space    used 9124K, committed 9984K, reserved 1048576K
}
Event: 1752.435 GC heap after
{Heap after GC invocations=1926 (full 3):
 PSYoungGen      total 3584K, used 1019K [0x00000000d5580000, 0x00000000d5c00000, 0x0000000100000000)
  eden space 2560K, 0% used [0x00000000d5580000,0x00000000d5580000,0x00000000d5800000)
  from space 1024K, 99% used [0x00000000d5800000,0x00000000d58fee58,0x00000000d5900000)
  to   space 2048K, 0% used [0x00000000d5a00000,0x00000000d5a00000,0x00000000d5c00000)
 ParOldGen       total 945152K, used 944670K [0x0000000080000000, 0x00000000b9b00000, 0x00000000d5580000)
  object space 945152K, 99% used [0x0000000080000000,0x00000000b9a87a98,0x00000000b9b00000)
 Metaspace       used 84208K, committed 86080K, reserved 1179648K
  class space    used 9124K, committed 9984K, reserved 1048576K
}
Event: 1752.483 GC heap before
{Heap before GC invocations=1927 (full 3):
 PSYoungGen      total 3584K, used 3579K [0x00000000d5580000, 0x00000000d5c00000, 0x0000000100000000)
  eden space 2560K, 100% used [0x00000000d5580000,0x00000000d5800000,0x00000000d5800000)
  from space 1024K, 99% used [0x00000000d5800000,0x00000000d58fee58,0x00000000d5900000)
  to   space 2048K, 0% used [0x00000000d5a00000,0x00000000d5a00000,0x00000000d5c00000)
 ParOldGen       total 945152K, used 944670K [0x0000000080000000, 0x00000000b9b00000, 0x00000000d5580000)
  object space 945152K, 99% used [0x0000000080000000,0x00000000b9a87a98,0x00000000b9b00000)
 Metaspace       used 84210K, committed 86080K, reserved 1179648K
  class space    used 9124K, committed 9984K, reserved 1048576K
}
Event: 1752.486 GC heap after
{Heap after GC invocations=1927 (full 3):
 PSYoungGen      total 4096K, used 1381K [0x00000000d5580000, 0x00000000d5b80000, 0x0000000100000000)
  eden space 2560K, 0% used [0x00000000d5580000,0x00000000d5580000,0x00000000d5800000)
  from space 1536K, 89% used [0x00000000d5a00000,0x00000000d5b594f0,0x00000000d5b80000)
  to   space 1536K, 0% used [0x00000000d5880000,0x00000000d5880000,0x00000000d5a00000)
 ParOldGen       total 945664K, used 945607K [0x0000000080000000, 0x00000000b9b80000, 0x00000000d5580000)
  object space 945664K, 99% used [0x0000000080000000,0x00000000b9b71e78,0x00000000b9b80000)
 Metaspace       used 84210K, committed 86080K, reserved 1179648K
  class space    used 9124K, committed 9984K, reserved 1048576K
}
Event: 1752.506 GC heap before
{Heap before GC invocations=1928 (full 3):
 PSYoungGen      total 4096K, used 3941K [0x00000000d5580000, 0x00000000d5b80000, 0x0000000100000000)
  eden space 2560K, 100% used [0x00000000d5580000,0x00000000d5800000,0x00000000d5800000)
  from space 1536K, 89% used [0x00000000d5a00000,0x00000000d5b594f0,0x00000000d5b80000)
  to   space 1536K, 0% used [0x00000000d5880000,0x00000000d5880000,0x00000000d5a00000)
 ParOldGen       total 945664K, used 945607K [0x0000000080000000, 0x00000000b9b80000, 0x00000000d5580000)
  object space 945664K, 99% used [0x0000000080000000,0x00000000b9b71e78,0x00000000b9b80000)
 Metaspace       used 84210K, committed 86080K, reserved 1179648K
  class space    used 9124K, committed 9984K, reserved 1048576K
}
Event: 1752.512 GC heap after
{Heap after GC invocations=1928 (full 3):
 PSYoungGen      total 4096K, used 1532K [0x00000000d5580000, 0x00000000d5c00000, 0x0000000100000000)
  eden space 2560K, 0% used [0x00000000d5580000,0x00000000d5580000,0x00000000d5800000)
  from space 1536K, 99% used [0x00000000d5880000,0x00000000d59ff2b8,0x00000000d5a00000)
  to   space 2048K, 0% used [0x00000000d5a00000,0x00000000d5a00000,0x00000000d5c00000)
 ParOldGen       total 947200K, used 946796K [0x0000000080000000, 0x00000000b9d00000, 0x00000000d5580000)
  object space 947200K, 99% used [0x0000000080000000,0x00000000b9c9b308,0x00000000b9d00000)
 Metaspace       used 84210K, committed 86080K, reserved 1179648K
  class space    used 9124K, committed 9984K, reserved 1048576K
}
Event: 1752.517 GC heap before
{Heap before GC invocations=1929 (full 3):
 PSYoungGen      total 4096K, used 4092K [0x00000000d5580000, 0x00000000d5c00000, 0x0000000100000000)
  eden space 2560K, 100% used [0x00000000d5580000,0x00000000d5800000,0x00000000d5800000)
  from space 1536K, 99% used [0x00000000d5880000,0x00000000d59ff2b8,0x00000000d5a00000)
  to   space 2048K, 0% used [0x00000000d5a00000,0x00000000d5a00000,0x00000000d5c00000)
 ParOldGen       total 947200K, used 946796K [0x0000000080000000, 0x00000000b9d00000, 0x00000000d5580000)
  object space 947200K, 99% used [0x0000000080000000,0x00000000b9c9b308,0x00000000b9d00000)
 Metaspace       used 84210K, committed 86080K, reserved 1179648K
  class space    used 9124K, committed 9984K, reserved 1048576K
}
Event: 1752.519 GC heap after
{Heap after GC invocations=1929 (full 3):
 PSYoungGen      total 3072K, used 192K [0x00000000d5580000, 0x00000000d5a80000, 0x0000000100000000)
  eden space 2560K, 0% used [0x00000000d5580000,0x00000000d5580000,0x00000000d5800000)
  from space 512K, 37% used [0x00000000d5a00000,0x00000000d5a30000,0x00000000d5a80000)
  to   space 1024K, 0% used [0x00000000d5880000,0x00000000d5880000,0x00000000d5980000)
 ParOldGen       total 947200K, used 946860K [0x0000000080000000, 0x00000000b9d00000, 0x00000000d5580000)
  object space 947200K, 99% used [0x0000000080000000,0x00000000b9cab308,0x00000000b9d00000)
 Metaspace       used 84210K, committed 86080K, reserved 1179648K
  class space    used 9124K, committed 9984K, reserved 1048576K
}

