# JRE version: OpenJDK Runtime Environment Temurin-21.0.11+10 (21.0.11+10) (build 21.0.11+10-LTS)
# Java VM: OpenJDK 64-Bit Server VM Temurin-21.0.11+10 (21.0.11+10-LTS, mixed mode, sharing, tiered, compressed oops, compressed class ptrs, g1 gc, windows-amd64)
GC Precious Log:
 CardTable entry size: 512
 Card Set container configuration: InlinePtr #cards 5 size 8 Array Of Cards #cards 12 size 40 Howl #buckets 4 coarsen threshold 1843 Howl Bitmap #cards 512 size 80 coarsen threshold 460 Card regions per heap region 1 cards per card region 2048
 CPUs: 12 total, 12 available
 Memory: 7916M
 Large Page Support: Disabled
 NUMA Support: Disabled
 Compressed Oops: Enabled (32-bit)
 Heap Region Size: 1M
 Heap Min Capacity: 8M
 Heap Initial Capacity: 124M
 Heap Max Capacity: 1980M
 Pre-touch: Disabled
 Parallel Workers: 10
 Concurrent Workers: 3
 Concurrent Refinement Workers: 10
 Periodic GC: Disabled
Heap:
 garbage-first heap   total 65536K, used 52092K [0x0000000084400000, 0x0000000100000000)
  region size 1024K, 21 young (21504K), 2 survivors (2048K)
 Metaspace       used 58272K, committed 59072K, reserved 1114112K
  class space    used 7725K, committed 8064K, reserved 1048576K
GC Heap History (20 events):
Event: 1.240 GC heap before
{Heap before GC invocations=1 (full 0):
 garbage-first heap   total 126976K, used 31680K [0x0000000084400000, 0x0000000100000000)
  region size 1024K, 22 young (22528K), 3 survivors (3072K)
 Metaspace       used 8660K, committed 8896K, reserved 1114112K
  class space    used 1036K, committed 1152K, reserved 1048576K
}
Event: 1.245 GC heap after
{Heap after GC invocations=2 (full 0):
 garbage-first heap   total 126976K, used 16384K [0x0000000084400000, 0x0000000100000000)
  region size 1024K, 3 young (3072K), 3 survivors (3072K)
 Metaspace       used 8660K, committed 8896K, reserved 1114112K
  class space    used 1036K, committed 1152K, reserved 1048576K
}
Event: 1.927 GC heap before
{Heap before GC invocations=2 (full 0):
 garbage-first heap   total 126976K, used 49152K [0x0000000084400000, 0x0000000100000000)
  region size 1024K, 36 young (36864K), 3 survivors (3072K)
 Metaspace       used 17400K, committed 17792K, reserved 1114112K
  class space    used 2213K, committed 2368K, reserved 1048576K
}
Event: 1.933 GC heap after
{Heap after GC invocations=3 (full 0):
 garbage-first heap   total 126976K, used 19789K [0x0000000084400000, 0x0000000100000000)
  region size 1024K, 4 young (4096K), 4 survivors (4096K)
 Metaspace       used 17400K, committed 17792K, reserved 1114112K
  class space    used 2213K, committed 2368K, reserved 1048576K
}
Event: 2.259 GC heap before
{Heap before GC invocations=3 (full 0):
 garbage-first heap   total 126976K, used 35149K [0x0000000084400000, 0x0000000100000000)
  region size 1024K, 20 young (20480K), 4 survivors (4096K)
 Metaspace       used 21149K, committed 21568K, reserved 1114112K
  class space    used 2647K, committed 2816K, reserved 1048576K
}
Event: 2.262 GC heap after
{Heap after GC invocations=4 (full 0):
 garbage-first heap   total 126976K, used 20951K [0x0000000084400000, 0x0000000100000000)
  region size 1024K, 5 young (5120K), 5 survivors (5120K)
 Metaspace       used 21149K, committed 21568K, reserved 1114112K
  class space    used 2647K, committed 2816K, reserved 1048576K
}
Event: 2.793 GC heap before
{Heap before GC invocations=5 (full 0):
 garbage-first heap   total 65536K, used 50647K [0x0000000084400000, 0x0000000100000000)
  region size 1024K, 38 young (38912K), 5 survivors (5120K)
 Metaspace       used 26130K, committed 26624K, reserved 1114112K
  class space    used 3295K, committed 3520K, reserved 1048576K
}
Event: 2.798 GC heap after
{Heap after GC invocations=6 (full 0):
 garbage-first heap   total 65536K, used 20470K [0x0000000084400000, 0x0000000100000000)
  region size 1024K, 4 young (4096K), 4 survivors (4096K)
 Metaspace       used 26130K, committed 26624K, reserved 1114112K
  class space    used 3295K, committed 3520K, reserved 1048576K
}
Event: 3.443 GC heap before
{Heap before GC invocations=6 (full 0):
 garbage-first heap   total 65536K, used 50166K [0x0000000084400000, 0x0000000100000000)
  region size 1024K, 33 young (33792K), 4 survivors (4096K)
 Metaspace       used 30603K, committed 31104K, reserved 1114112K
  class space    used 3884K, committed 4096K, reserved 1048576K
}
Event: 3.448 GC heap after
{Heap after GC invocations=7 (full 0):
 garbage-first heap   total 65536K, used 22141K [0x0000000084400000, 0x0000000100000000)
  region size 1024K, 5 young (5120K), 5 survivors (5120K)
 Metaspace       used 30603K, committed 31104K, reserved 1114112K
  class space    used 3884K, committed 4096K, reserved 1048576K
}
Event: 4.161 GC heap before
{Heap before GC invocations=7 (full 0):
 garbage-first heap   total 65536K, used 43645K [0x0000000084400000, 0x0000000100000000)
  region size 1024K, 28 young (28672K), 5 survivors (5120K)
 Metaspace       used 35436K, committed 35968K, reserved 1114112K
  class space    used 4528K, committed 4800K, reserved 1048576K
}
Event: 4.169 GC heap after
{Heap after GC invocations=8 (full 0):
 garbage-first heap   total 65536K, used 24399K [0x0000000084400000, 0x0000000100000000)
  region size 1024K, 5 young (5120K), 5 survivors (5120K)
 Metaspace       used 35436K, committed 35968K, reserved 1114112K
  class space    used 4528K, committed 4800K, reserved 1048576K
}
Event: 5.261 GC heap before
{Heap before GC invocations=9 (full 0):
 garbage-first heap   total 65536K, used 53071K [0x0000000084400000, 0x0000000100000000)
  region size 1024K, 33 young (33792K), 5 survivors (5120K)
 Metaspace       used 39549K, committed 40128K, reserved 1114112K
  class space    used 5097K, committed 5376K, reserved 1048576K
}
Event: 5.264 GC heap after
{Heap after GC invocations=10 (full 0):
 garbage-first heap   total 65536K, used 26976K [0x0000000084400000, 0x0000000100000000)
  region size 1024K, 5 young (5120K), 5 survivors (5120K)
 Metaspace       used 39549K, committed 40128K, reserved 1114112K
  class space    used 5097K, committed 5376K, reserved 1048576K
}
Event: 6.289 GC heap before
{Heap before GC invocations=10 (full 0):
 garbage-first heap   total 65536K, used 53600K [0x0000000084400000, 0x0000000100000000)
  region size 1024K, 32 young (32768K), 5 survivors (5120K)
 Metaspace       used 44603K, committed 45248K, reserved 1114112K
  class space    used 5929K, committed 6208K, reserved 1048576K
}
Event: 6.292 GC heap after
{Heap after GC invocations=11 (full 0):
 garbage-first heap   total 65536K, used 28693K [0x0000000084400000, 0x0000000100000000)
  region size 1024K, 3 young (3072K), 3 survivors (3072K)
 Metaspace       used 44603K, committed 45248K, reserved 1114112K
  class space    used 5929K, committed 6208K, reserved 1048576K
}
Event: 7.440 GC heap before
{Heap before GC invocations=11 (full 0):
 garbage-first heap   total 65536K, used 55317K [0x0000000084400000, 0x0000000100000000)
  region size 1024K, 29 young (29696K), 3 survivors (3072K)
 Metaspace       used 49131K, committed 49792K, reserved 1114112K
  class space    used 6559K, committed 6848K, reserved 1048576K
}
Event: 7.443 GC heap after
{Heap after GC invocations=12 (full 0):
 garbage-first heap   total 65536K, used 32768K [0x0000000084400000, 0x0000000100000000)
  region size 1024K, 4 young (4096K), 4 survivors (4096K)
 Metaspace       used 49131K, committed 49792K, reserved 1114112K
  class space    used 6559K, committed 6848K, reserved 1048576K
}
Event: 75.249 GC heap before
{Heap before GC invocations=12 (full 0):
 garbage-first heap   total 65536K, used 55296K [0x0000000084400000, 0x0000000100000000)
  region size 1024K, 27 young (27648K), 4 survivors (4096K)
 Metaspace       used 54804K, committed 55680K, reserved 1114112K
  class space    used 7338K, committed 7744K, reserved 1048576K
}
Event: 75.286 GC heap after
{Heap after GC invocations=13 (full 0):
 garbage-first heap   total 65536K, used 34684K [0x0000000084400000, 0x0000000100000000)
  region size 1024K, 2 young (2048K), 2 survivors (2048K)
 Metaspace       used 54804K, committed 55680K, reserved 1114112K
  class space    used 7338K, committed 7744K, reserved 1048576K
}

